[2024-02-26 16:51:59,446] <INFO> Начало работы программы
[2024-02-26 16:51:59,450] <INFO> COM3 - FabulaTech Virtual Serial Port Control (COM3)
[2024-02-26 16:51:59,450] <INFO> COM2 - FabulaTech Virtual Serial Port Control (COM2)
[2024-02-26 16:51:59,450] <INFO> COM1 - FabulaTech Virtual Serial Port Control (COM1)
[2024-02-26 16:51:59,452] <INFO> Успешное добавление прослушивания для COM1 на Принтер 192.168.0.1:8080
[2024-02-26 16:51:59,452] <INFO> Успешное подключение к COM1
[2024-02-26 16:51:59,454] <INFO> Успешное добавление прослушивания для COM2 на Принтер 192.168.9.69:9100
[2024-02-26 16:51:59,454] <INFO> Успешное подключение к COM2
[2024-02-26 16:51:59,455] <INFO> Успешное добавление прослушивания для COM3 на Принтер 192.168.9.69:9100
[2024-02-26 16:51:59,455] <INFO> Успешное подключение к COM3
[2024-02-26 16:51:59,456] <ERROR> COM-порт используется или недоступен: could not open port 'COM4': FileNotFoundError(2, 'Не удается найти указанный файл.', None, 2)
[2024-02-26 16:51:59,456] <ERROR> COM-порт используется или недоступен: could not open port 'COM7': FileNotFoundError(2, 'Не удается найти указанный файл.', None, 2)
[2024-02-26 16:51:59,456] <ERROR> COM-порт используется или недоступен: could not open port 'COM8': FileNotFoundError(2, 'Не удается найти указанный файл.', None, 2)
[2024-02-26 16:51:59,457] <INFO> Конец работы программы
[2024-02-26 16:52:02,623] <INFO> COM3 получил: ['0.725', 'kg\r\n']
[2024-02-26 16:52:02,625] <INFO> Заглушка Отправка на Зебру ['0.725', 'kg\r\n']
[2024-02-26 16:52:08,824] <ERROR> COM-порт используется или недоступен: could not open port 'COM8': FileNotFoundError(2, 'Не удается найти указанный файл.', None, 2)
[2024-02-26 16:52:13,540] <INFO> Успешное добавление прослушивания для COM3 на Принтер 192.168.9.69:9100
[2024-02-26 16:52:13,540] <INFO> Успешное подключение к COM3
[2024-02-26 16:52:16,679] <INFO> COM3 получил: ['0.725', 'kg\r\n']
[2024-02-26 16:52:16,685] <INFO> Заглушка Отправка на Зебру ['0.725', 'kg\r\n']
